<?xml version="1.0" encoding="UTF-8"?>
<!-- Generated by org.testng.reporters.JUnitReportReporter -->
<testsuite name="test.chet.TC01" tests="2" time="25.832" ignored="0" failures="0" timestamp="16 Nov 2017 12:28:24 GMT" skipped="0" hostname="TYSS-MF-033" errors="0">
  <testcase name="test1" time="12.958" classname="test.chet.TC01"/>
  <testcase name="test1" time="12.874" classname="test.chet.TC01"/>
</testsuite> <!-- test.chet.TC01 -->
