<?xml version="1.0" encoding="UTF-8"?>
<!-- Generated by org.testng.reporters.JUnitReportReporter -->
<testsuite name="test.chet.TC06" tests="1" time="0.002" ignored="0" failures="0" timestamp="16 Nov 2017 10:43:49 GMT" skipped="0" hostname="TYSS-MF-033" errors="0">
  <testcase name="test2" time="0.002" classname="test.chet.TC06"/>
</testsuite> <!-- test.chet.TC06 -->
