<?xml version="1.0" encoding="UTF-8"?>
<!-- Generated by org.testng.reporters.JUnitReportReporter -->
<testsuite name="test.chet.TC01" tests="1" time="0.000" ignored="0" failures="0" timestamp="21 Nov 2017 06:48:52 GMT" skipped="0" hostname="TYSS-MF-033" errors="0">
  <testcase name="test1" time="0.000" classname="test.chet.TC01"/>
</testsuite> <!-- test.chet.TC01 -->
