<?xml version="1.0" encoding="UTF-8"?>
<!-- Generated by org.testng.reporters.JUnitReportReporter -->
<testsuite name="com.create.testng.XmlSuiteCreator" tests="1" time="0.553" ignored="0" failures="0" timestamp="16 Nov 2017 10:42:51 GMT" skipped="0" hostname="TYSS-MF-033" errors="0">
  <testcase name="test11" time="0.553" classname="com.create.testng.XmlSuiteCreator"/>
</testsuite> <!-- com.create.testng.XmlSuiteCreator -->
