<?xml version="1.0" encoding="UTF-8"?>
<!-- Generated by org.testng.reporters.JUnitReportReporter -->
<testsuite name="com.create.testng.DynamiXML" tests="1" time="11.695" ignored="0" failures="0" timestamp="14 Nov 2017 12:30:40 GMT" skipped="0" hostname="TYSS-MF-033" errors="0">
  <testcase name="TCase" time="11.695" classname="com.create.testng.DynamiXML"/>
</testsuite> <!-- com.create.testng.DynamiXML -->
