<?xml version="1.0" encoding="UTF-8"?>
<!-- Generated by org.testng.reporters.JUnitReportReporter -->
<testsuite name="test.chet.TC03" tests="2" time="0.002" ignored="0" failures="0" timestamp="16 Nov 2017 12:28:24 GMT" skipped="0" hostname="TYSS-MF-033" errors="0">
  <testcase name="test2" time="0.000" classname="test.chet.TC03"/>
  <testcase name="test2" time="0.002" classname="test.chet.TC03"/>
</testsuite> <!-- test.chet.TC03 -->
